This is pdfTeXk, Version 3.1415926-1.40.9 (Web2C 7.5.7) (format=pdflatex 2009.10.4)  15 AUG 2010 15:49
entering extended mode
 %&-line parsing enabled.
**\input Rapport.tex
(./Rapport.tex (/usr/local/texlive/2008/texmf-dist/tex/latex/base/report.cls
Document Class: report 2005/09/16 v1.4f Standard LaTeX document class
(/usr/local/texlive/2008/texmf-dist/tex/latex/base/size10.clo
File: size10.clo 2005/09/16 v1.4f Standard LaTeX file (size option)
)
\c@part=\count79
\c@chapter=\count80
\c@section=\count81
\c@subsection=\count82
\c@subsubsection=\count83
\c@paragraph=\count84
\c@subparagraph=\count85
\c@figure=\count86
\c@table=\count87
\abovecaptionskip=\skip41
\belowcaptionskip=\skip42
\bibindent=\dimen102
)
(/usr/local/texlive/2008/texmf-dist/tex/latex/base/fontenc.sty
Package: fontenc 2005/09/27 v1.99g Standard LaTeX package

(/usr/local/texlive/2008/texmf-dist/tex/latex/base/t1enc.def
File: t1enc.def 2005/09/27 v1.99g Standard LaTeX file
LaTeX Font Info:    Redeclaring font encoding T1 on input line 43.
))
(/usr/local/texlive/2008/texmf-dist/tex/generic/babel/babel.sty
Package: babel 2008/07/06 v3.8l The Babel package

(/usr/local/texlive/2008/texmf-dist/tex/generic/babel/swedish.ldf
Language: swedish 2005/03/31 v2.3d Swedish support from the babel system

(/usr/local/texlive/2008/texmf-dist/tex/generic/babel/babel.def
File: babel.def 2008/07/06 v3.8l Babel common definitions
\babel@savecnt=\count88
\U@D=\dimen103
)
Package babel Info: Making " an active character on input line 90.
))
(/usr/local/texlive/2008/texmf-dist/tex/latex/graphics/graphicx.sty
Package: graphicx 1999/02/16 v1.0f Enhanced LaTeX Graphics (DPC,SPQR)

(/usr/local/texlive/2008/texmf-dist/tex/latex/graphics/keyval.sty
Package: keyval 1999/03/16 v1.13 key=value parser (DPC)
\KV@toks@=\toks14
)
(/usr/local/texlive/2008/texmf-dist/tex/latex/graphics/graphics.sty
Package: graphics 2006/02/20 v1.0o Standard LaTeX Graphics (DPC,SPQR)

(/usr/local/texlive/2008/texmf-dist/tex/latex/graphics/trig.sty
Package: trig 1999/03/16 v1.09 sin cos tan (DPC)
)
(/usr/local/texlive/2008/texmf/tex/latex/config/graphics.cfg
File: graphics.cfg 2007/01/18 v1.5 graphics configuration of teTeX/TeXLive
)
Package graphics Info: Driver file: pdftex.def on input line 90.

(/usr/local/texlive/2008/texmf-dist/tex/latex/pdftex-def/pdftex.def
File: pdftex.def 2008/09/08 v0.04l Graphics/color for pdfTeX
\Gread@gobject=\count89
))
\Gin@req@height=\dimen104
\Gin@req@width=\dimen105
)
(/usr/local/texlive/2008/texmf-dist/tex/latex/listings/listings.sty
\lst@mode=\count90
\lst@gtempboxa=\box26
\lst@token=\toks15
\lst@length=\count91
\lst@currlwidth=\dimen106
\lst@column=\count92
\lst@pos=\count93
\lst@lostspace=\dimen107
\lst@width=\dimen108
\lst@newlines=\count94
\lst@lineno=\count95
\lst@maxwidth=\dimen109

(/usr/local/texlive/2008/texmf-dist/tex/latex/listings/lstmisc.sty
File: lstmisc.sty 2007/02/22 1.4 (Carsten Heinz)
\c@lstnumber=\count96
\lst@skipnumbers=\count97
\lst@framebox=\box27
)
(/usr/local/texlive/2008/texmf-dist/tex/latex/listings/listings.cfg
File: listings.cfg 2007/02/22 1.4 listings configuration
))
Package: listings 2007/02/22 1.4 (Carsten Heinz)

(/usr/local/texlive/2008/texmf-dist/tex/latex/psnfss/courier.sty
Package: courier 2005/04/12 PSNFSS-v9.2a (WaS) 
)
(/usr/local/texlive/2008/texmf-dist/tex/latex/ltxmisc/url.sty
\Urlmuskip=\muskip10
Package: url 2006/04/12  ver 3.3  Verb mode for urls, etc.
)
(/usr/local/texlive/2008/texmf-dist/tex/latex/float/float.sty
Package: float 2001/11/08 v1.3d Float enhancements (AL)
\c@float@type=\count98
\float@exts=\toks16
\float@box=\box28
\@float@everytoks=\toks17
\@floatcapt=\box29
)
(/usr/local/texlive/2008/texmf-dist/tex/latex/tools/varioref.sty
Package: varioref 2006/05/13 v1.4p package for extended references (FMi)
\c@vrcnt=\count99
)
(/usr/local/texlive/2008/texmf-dist/tex/latex/cite/cite.sty
LaTeX Info: Redefining \cite on input line 149.
LaTeX Info: Redefining \nocite on input line 214.
Package: cite 2003/11/04  v 4.01
)
(/usr/local/texlive/2008/texmf-dist/tex/latex/pdfpages/pdfpages.sty
Package: pdfpages 2009/02/07 v0.4g Insert pages of external PDF documents (AM)

(/usr/local/texlive/2008/texmf-dist/tex/latex/base/ifthen.sty
Package: ifthen 2001/05/26 v1.1c Standard LaTeX ifthen package (DPC)
)
(/usr/local/texlive/2008/texmf-dist/tex/latex/tools/calc.sty
Package: calc 2005/08/06 v4.2 Infix arithmetic (KKT,FJ)
\calc@Acount=\count100
\calc@Bcount=\count101
\calc@Adimen=\dimen110
\calc@Bdimen=\dimen111
\calc@Askip=\skip43
\calc@Bskip=\skip44
LaTeX Info: Redefining \setlength on input line 75.
LaTeX Info: Redefining \addtolength on input line 76.
\calc@Ccount=\count102
\calc@Cskip=\skip45
)
(/usr/local/texlive/2008/texmf-dist/tex/latex/eso-pic/eso-pic.sty
Package: eso-pic 2006/07/14 v1.1d eso-pic (RN)

(/usr/local/texlive/2008/texmf-dist/tex/latex/ms/everyshi.sty
Package: everyshi 2001/05/15 v3.00 EveryShipout Package (MS)
))
(/usr/local/texlive/2008/texmf-dist/tex/latex/pdfpages/pppdftex.def
File: pppdftex.def 2009/02/07 v0.4g Pdfpages driver for pdfTeX (AM)
)
\AM@pagebox=\box30
\AM@toc@title=\toks18
\c@AM@survey=\count103
\AM@templatesizebox=\box31
)
(./Rapport.aux)
\openout1 = `Rapport.aux'.

LaTeX Font Info:    Checking defaults for OML/cmm/m/it on input line 62.
LaTeX Font Info:    ... okay on input line 62.
LaTeX Font Info:    Checking defaults for T1/cmr/m/n on input line 62.
LaTeX Font Info:    ... okay on input line 62.
LaTeX Font Info:    Checking defaults for OT1/cmr/m/n on input line 62.
LaTeX Font Info:    ... okay on input line 62.
LaTeX Font Info:    Checking defaults for OMS/cmsy/m/n on input line 62.
LaTeX Font Info:    ... okay on input line 62.
LaTeX Font Info:    Checking defaults for OMX/cmex/m/n on input line 62.
LaTeX Font Info:    ... okay on input line 62.
LaTeX Font Info:    Checking defaults for U/cmr/m/n on input line 62.
LaTeX Font Info:    ... okay on input line 62.

(/usr/local/texlive/2008/texmf-dist/tex/context/base/supp-pdf.tex
[Loading MPS to PDF converter (version 2006.09.02).]
\scratchcounter=\count104
\scratchdimen=\dimen112
\scratchbox=\box32
\nofMPsegments=\count105
\nofMParguments=\count106
\everyMPshowfont=\toks19
\MPscratchCnt=\count107
\MPscratchDim=\dimen113
\MPnumerator=\count108
\everyMPtoPDFconversion=\toks20
)
\c@lstlisting=\count109
 ABD: EveryShipout initializing macros
(/usr/local/texlive/2008/texmf-dist/tex/latex/graphics/color.sty
Package: color 2005/11/14 v1.0j Standard LaTeX Color (DPC)

(/usr/local/texlive/2008/texmf/tex/latex/config/color.cfg
File: color.cfg 2007/01/18 v1.5 color configuration of teTeX/TeXLive
)
Package color Info: Driver file: pdftex.def on input line 130.
)
<idasidor/rapportframsida.pdf, id=5, page=1, 597.23125pt x 845.1575pt>
File: idasidor/rapportframsida.pdf Graphic file (type pdf)

<use idasidor/rapportframsida.pdf, page 1>
File: idasidor/rapportframsida.pdf Graphic file (type pdf)

<use idasidor/rapportframsida.pdf, page 1>
File: idasidor/rapportframsida.pdf Graphic file (type pdf)

<use idasidor/rapportframsida.pdf, page 1>
File: idasidor/rapportframsida.pdf Graphic file (type pdf)

<use idasidor/rapportframsida.pdf, page 1>
File: idasidor/rapportframsida.pdf Graphic file (type pdf)

<use idasidor/rapportframsida.pdf, page 1> [1

 <./idasidor/rapportframsida.pdf>] <idasidor/rapportinsida.pdf, id=23, page=1, 
597.23125pt x 845.1575pt>
File: idasidor/rapportinsida.pdf Graphic file (type pdf)

<use idasidor/rapportinsida.pdf, page 1>
File: idasidor/rapportinsida.pdf Graphic file (type pdf)

<use idasidor/rapportinsida.pdf, page 1>
File: idasidor/rapportinsida.pdf Graphic file (type pdf)

<use idasidor/rapportinsida.pdf, page 1>
File: idasidor/rapportinsida.pdf Graphic file (type pdf)

<use idasidor/rapportinsida.pdf, page 1>
File: idasidor/rapportinsida.pdf Graphic file (type pdf)

<use idasidor/rapportinsida.pdf, page 1> [2 <./idasidor/rapportinsida.pdf>]
(./Sammanfattning.tex [1{/usr/local/texlive/2008/texmf-var/fonts/map/pdftex/upd
map/pdftex.map}]) (./Rapport.toc
LaTeX Font Info:    External font `cmex10' loaded for size
(Font)              <7> on input line 3.
LaTeX Font Info:    External font `cmex10' loaded for size
(Font)              <5> on input line 3.
 [1

] [2])
\tf@toc=\write3
\openout3 = `Rapport.toc'.

 [3] (./Rapport.lof)
\tf@lof=\write4
\openout4 = `Rapport.lof'.

 [4

]
(./Rapport.lol)
\tf@lol=\write5
\openout5 = `Rapport.lol'.

 [5

]
Kapitel 1.
(./Inledning.tex
LaTeX Font Info:    External font `cmex10' loaded for size
(Font)              <8> on input line 10.
LaTeX Font Info:    External font `cmex10' loaded for size
(Font)              <6> on input line 10.
 [1


]
LaTeX Font Info:    Try loading font information for OMS+cmr on input line 94.

(/usr/local/texlive/2008/texmf-dist/tex/latex/base/omscmr.fd
File: omscmr.fd 1999/05/25 v2.5h Standard LaTeX font definitions
)
LaTeX Font Info:    Font shape `OMS/cmr/m/n' in size <10> not available
(Font)              Font shape `OMS/cmsy/m/n' tried instead on input line 94.
 [2]
Overfull \hbox (3.65463pt too wide) in paragraph at lines 143--147
[]\T1/cmr/m/n/10 Arbetets hu-vud-sak-li-ga syf-te är att un-der-sö-ka hur ele-m
ent i ett SVG-dokument
 []

[3]) [4]
Kapitel 2.
(./Krav.tex
Overfull \hbox (1.95816pt too wide) in paragraph at lines 37--39
[]\T1/cmr/m/n/10 Applikationer på kli-ent-si-dan ska va-ra skriv-na i pro-gram-
me-rings-språ-ket Java-
 []

[5

]
Overfull \hbox (4.5964pt too wide) in paragraph at lines 56--58
[]\T1/cmr/m/n/10 Systemet ska in-ne-hål-la funk-tio-na-li-tet för att au-to-ma-
tiskt an-ro-pa ett verktygs-
 []


Overfull \hbox (10.87376pt too wide) in paragraph at lines 69--72
[]\T1/cmr/m/n/10 Utför funk-tion på kli-ent-si-dan och no-te-ra re-sul-ta-tet. 
Ut-för verktygs-programmet
 []

[6]) [7]
Kapitel 3.
(./Bakgrund.tex [8

] [9] [10]) [11]
Kapitel 4.
(./Problemanalys.tex [12

]
Overfull \hbox (33.89359pt too wide) in paragraph at lines 96--99
\T1/cmr/m/n/10 LibXSLT [29] är ett Perl-bib-li-o-tek som om-slu-ter GNOME-proje
ktets XSL-transformerare
 []

[13] [14]
Overfull \hbox (3.974pt too wide) in paragraph at lines 187--191
[]\T1/cmr/m/n/10 Utökning av till-gäng-li-ga pro-gram i sy-ste-met krä-ver änd-
ring-ar i det JavaScript-
 []

) [15]
Kapitel 5.
(./Systemoversikt.tex
<figurer/exekveringsvy.pdf, id=115, 470.75874pt x 276.03125pt>
File: figurer/exekveringsvy.pdf Graphic file (type pdf)

<use figurer/exekveringsvy.pdf> [16

 <./figurer/exekveringsvy.pdf>]
Overfull \hbox (3.83514pt too wide) in paragraph at lines 53--57
[]\T1/cmr/m/n/10 Systemet an-vän-der XSL-processorn li-bxslt ge-nom bib-li-o-te
-ket XML::LibXSLT. 
 []


Overfull \hbox (14.00955pt too wide) in paragraph at lines 59--62
\T1/cmr/m/n/10 sprung-li-ga SVG-dokumentet och ska-pa bind-ning-ar mel-lan hän-
del-ser och JavaScript-
 []

<figurer/impl-js.pdf, id=137, 562.1pt x 696.6025pt>
File: figurer/impl-js.pdf Graphic file (type pdf)
 <use figurer/impl-js.pdf>
[17] [18 <./figurer/impl-js.pdf>]
Overfull \hbox (16.37936pt too wide) in paragraph at lines 126--128
[]\T1/cmr/m/n/10 Funktionsobjektet \T1/cmr/m/it/10 fun-c-tionMe-nu \T1/cmr/m/n/
10 in-ne-hål-ler me-to-der för att läg-ga till verktygs-
 []

[19] <figurer/impl-cgi.pdf, id=167, 492.84125pt x 483.8075pt>
File: figurer/impl-cgi.pdf Graphic file (type pdf)

<use figurer/impl-cgi.pdf> [20] [21 <./figurer/impl-cgi.pdf>]
<figurer/driftvy.pdf, id=192, 462.72874pt x 653.44125pt>
File: figurer/driftvy.pdf Graphic file (type pdf)

<use figurer/driftvy.pdf>) (./Generering.tex
LaTeX Font Info:    Try loading font information for T1+pcr on input line 6.

(/usr/local/texlive/2008/texmf-dist/tex/latex/psnfss/t1pcr.fd
File: t1pcr.fd 2001/06/04 font definitions for T1/pcr.
)
LaTeX Font Info:    External font `cmex10' loaded for size
(Font)              <9> on input line 6.

Overfull \hbox (3.2296pt too wide) in paragraph at lines 4--9
\T1/pcr/m/n/9 http : / / värdnamn . domän / cgi-[]bin / showNetwork . pl ? netw
ork = namn . svg$\T1/cmr/m/n/10 . Se-
 []

[22] [23 <./figurer/driftvy.pdf>]
<figurer/sekvensvy-showNetwork.pdf, id=271, 562.1pt x 591.20876pt>
File: figurer/sekvensvy-showNetwork.pdf Graphic file (type pdf)

<use figurer/sekvensvy-showNetwork.pdf>
Overfull \hbox (0.77779pt too wide) in paragraph at lines 24--28
\T1/cmr/m/n/10 verkskar-ta och ge-ne-re-rar ett nytt, be-ri-kat SVG-dokument. D
en del i CGI-skriptet
 []

(/usr/local/texlive/2008/texmf-dist/tex/latex/listings/lstlang1.sty
File: lstlang1.sty 2004/09/05 1.3 listings language file
) [24 <./figurer/sekvensvy-showNetwork.pdf>]
LaTeX Font Info:    Font shape `OMS/cmr/m/n' in size <9> not available
(Font)              Font shape `OMS/cmsy/m/n' tried instead on input line 76.

(/usr/local/texlive/2008/texmf-dist/tex/latex/listings/lstlang1.sty
File: lstlang1.sty 2004/09/05 1.3 listings language file
)
(/usr/local/texlive/2008/texmf-dist/tex/latex/listings/lstlang1.sty
File: lstlang1.sty 2004/09/05 1.3 listings language file
)
(/usr/local/texlive/2008/texmf-dist/tex/latex/listings/lstmisc.sty
File: lstmisc.sty 2007/02/22 1.4 (Carsten Heinz)
) [25])
(./JavaScript-kod.tex
(/usr/local/texlive/2008/texmf-dist/tex/latex/listings/lstlang1.sty
File: lstlang1.sty 2004/09/05 1.3 listings language file
) [26]
[27]
Overfull \hbox (15.47899pt too wide) in paragraph at lines 49--52
\T1/cmr/m/n/10 Funktionen \T1/cmr/m/it/10 ma-ke-Dis-patch \T1/cmr/m/n/10 i list
-ning 5.6[][] på föl-jan-de si-da[] ska-par ett nytt expedierings-
 []

[28] [29] [30] [31]) [32]
Kapitel 6.
(./Testning_och_utvardering.tex
Overfull \hbox (3.03226pt too wide) in paragraph at lines 26--28
[]\T1/cmr/m/n/10 Genererar in-ter-ak-ti-va nät-verkskar-tor ba-se-ra-de på SVG-
dokument och Java-
 []

[33

] [34] [35] [36]
<figurer/funktionsmeny.png, id=335, 1034.86626pt x 774.895pt>
File: figurer/funktionsmeny.png Graphic file (type png)

<use figurer/funktionsmeny.png> [37] [38 <./figurer/funktionsmeny.png (PNG copy
)>]) [39]
Kapitel 7.
(./Slutsats.tex [40

] [41] [42]) (./Rapport.bbl [43]
Underfull \hbox (badness 10000) in paragraph at lines 8--10
[]\T1/cmr/m/n/10 Bredbandsbolaget, ``Om Bred-bands-bo-la-get.'' $\T1/pcr/m/n/9 
http : / / www .
 []


Underfull \hbox (badness 5460) in paragraph at lines 16--18
[]\T1/cmr/m/n/10 Open Sour-ce Ini-ti-a-ti-ve, ``The Open Sour-ce De-fi-ni-tion.
'' $\T1/pcr/m/n/9 http : / /
 []


Underfull \hbox (badness 10000) in paragraph at lines 24--27
[]\T1/cmr/m/n/10 AT&T, ``Grap-hViz.'' $\T1/pcr/m/n/9 http : / / www2 . research
 . att . com / areas /
 []


Underfull \hbox (badness 1590) in paragraph at lines 62--64
[]\T1/cmr/m/n/10 Mozilla De-ve-lo-per Cen-ter, ``XML-Http-Request.'' $\T1/pcr/m
/n/9 https : / / developer .
 []

[44

]
Underfull \hbox (badness 7740) in paragraph at lines 93--96
[]\T1/cmr/m/n/10 W3C, ``ECMA-Script Lan-gu-age Bin-ding.'' $\T1/pcr/m/n/9 http 
: / / www . w3 . org / TR /
 []


Underfull \hbox (badness 4266) in paragraph at lines 98--100
[]\T1/cmr/m/n/10 Microsoft, ``Deploying XSLT in In-ter-net Ex-plo-rer.'' $\T1/p
cr/m/n/9 http : / / msdn .
 []


Underfull \hbox (badness 4084) in paragraph at lines 110--112
[]\T1/cmr/m/n/10 The Web-kit Open Sour-ce Pro-ject, ``XSLT.'' $\T1/pcr/m/n/9 ht
tp : / / webkit . org /
 []


Underfull \hbox (badness 10000) in paragraph at lines 118--120
[]\T1/cmr/m/n/10 P. Pa-jas, ``XML::LibXSLT.'' $\T1/pcr/m/n/9 http : / / search 
. cpan . org / dist /
 []


Underfull \hbox (badness 10000) in paragraph at lines 138--141
[]\T1/cmr/m/n/10 J. Le-vitt, ``Fix-ing AJAX: XML-Http-Request con-si-de-
 []


Underfull \hbox (badness 10000) in paragraph at lines 138--141
\T1/cmr/m/n/10 red harm-ful.'' $\T1/pcr/m/n/9 http : / / www . xml . com / pub 
/ a / 2005 / 11 / 09 /
 []


Underfull \hbox (badness 1810) in paragraph at lines 138--141
\T1/pcr/m/n/9 fixing-[]ajax-[]xmlhttprequest-[]considered-[]harmful . html$\T1/
cmr/m/n/10 , no-vem-ber
 []

) [45] (./Rapport.aux) ) 
Here is how much of TeX's memory you used:
 4489 strings out of 493876
 61320 string characters out of 1150568
 275566 words of memory out of 3000000
 7641 multiletter control sequences out of 10000+50000
 19925 words of font info for 42 fonts, out of 3000000 for 5000
 724 hyphenation exceptions out of 8191
 34i,16n,58p,256b,1278s stack positions out of 5000i,500n,10000p,200000b,50000s
{/usr/local/texlive/2008/texmf-dist/fonts/enc/dvips/cm-
super/cm-super-t1.enc}{/usr/local/texlive/2008/texmf-dist/fonts/enc/dvips/base/
8r.enc}</usr/local/texlive/2008/texmf-dist/fonts/type1/bluesky/cm/cmmi10.pfb></
usr/local/texlive/2008/texmf-dist/fonts/type1/bluesky/cm/cmmi7.pfb></usr/local/
texlive/2008/texmf-dist/fonts/type1/bluesky/cm/cmr10.pfb></usr/local/texlive/20
08/texmf-dist/fonts/type1/bluesky/cm/cmsy10.pfb></usr/local/texlive/2008/texmf-
dist/fonts/type1/bluesky/cm/cmsy9.pfb></usr/local/texlive/2008/texmf-dist/fonts
/type1/public/cm-super/sfbx0900.pfb></usr/local/texlive/2008/texmf-dist/fonts/t
ype1/public/cm-super/sfbx1000.pfb></usr/local/texlive/2008/texmf-dist/fonts/typ
e1/public/cm-super/sfbx1200.pfb></usr/local/texlive/2008/texmf-dist/fonts/type1
/public/cm-super/sfbx1440.pfb></usr/local/texlive/2008/texmf-dist/fonts/type1/p
ublic/cm-super/sfbx2074.pfb></usr/local/texlive/2008/texmf-dist/fonts/type1/pub
lic/cm-super/sfbx2488.pfb></usr/local/texlive/2008/texmf-dist/fonts/type1/publi
c/cm-super/sfrm0600.pfb></usr/local/texlive/2008/texmf-dist/fonts/type1/public/
cm-super/sfrm0700.pfb></usr/local/texlive/2008/texmf-dist/fonts/type1/public/cm
-super/sfrm0800.pfb></usr/local/texlive/2008/texmf-dist/fonts/type1/public/cm-s
uper/sfrm0900.pfb></usr/local/texlive/2008/texmf-dist/fonts/type1/public/cm-sup
er/sfrm1000.pfb></usr/local/texlive/2008/texmf-dist/fonts/type1/public/cm-super
/sfti0900.pfb></usr/local/texlive/2008/texmf-dist/fonts/type1/public/cm-super/s
fti1000.pfb></usr/local/texlive/2008/texmf-dist/fonts/type1/urw/courier/ucrr8a.
pfb>
Output written on Rapport.pdf (53 pages, 787955 bytes).
PDF statistics:
 430 PDF objects out of 1000 (max. 8388607)
 0 named destinations out of 1000 (max. 131072)
 61 words of extra memory for PDF output out of 10000 (max. 10000000)

